material-theme-builder/build/intermediates/manifest_merge_blame_file/debug/manifest-merger-blame-debug-report.txt
1<?xml version="1.0" encoding="utf-8"?>
2<!--
3~ Copyright (C) 2019 The Android Open Source Project
4~
5~ Licensed under the Apache License, Version 2.0 (the "License");
6~ you may not use this file except in compliance with the License.
7~ You may obtain a copy of the License at
8~
9~      http://www.apache.org/licenses/LICENSE-2.0
10~
11~ Unless required by applicable law or agreed to in writing, software
12~ distributed under the License is distributed on an "AS IS" BASIS,
13~ WITHOUT WARRANTIES OR CONDITIONS OF ANY KIND, either express or implied.
14~ See the License for the specific language governing permissions and
15~ limitations under the License.
16-->
17<manifest xmlns:android="http://schemas.android.com/apk/res/android"
18    package="io.material.materialthemebuilder"
19    android:versionCode="1"
20    android:versionName="1.0" >
21
22    <uses-sdk
23        android:minSdkVersion="23"
23-->src\main\AndroidManifest.xml
24        android:targetSdkVersion="29" />
24-->src\main\AndroidManifest.xml
25
26    <application
26-->src\main\AndroidManifest.xml:22:5-42:19
27        android:name="io.material.materialthemebuilder.App"
27-->src\main\AndroidManifest.xml:23:9-28
28        android:allowBackup="true"
28-->src\main\AndroidManifest.xml:24:9-35
29        android:appComponentFactory="androidx.core.app.CoreComponentFactory"
29-->[androidx.core:core:1.3.0-alpha02] AndroidManifest.xml:24:18-86
30        android:debuggable="true"
31        android:extractNativeLibs="false"
32        android:icon="@mipmap/ic_launcher"
32-->src\main\AndroidManifest.xml:25:9-43
33        android:label="@string/app_name"
33-->src\main\AndroidManifest.xml:26:9-41
34        android:roundIcon="@mipmap/ic_launcher_round"
34-->src\main\AndroidManifest.xml:27:9-54
35        android:supportsRtl="true"
35-->src\main\AndroidManifest.xml:28:9-35
36        android:testOnly="true"
37        android:theme="@style/MyTheme.DayNight" >
37-->src\main\AndroidManifest.xml:29:9-48
38        <activity
38-->src\main\AndroidManifest.xml:31:9-38:20
39            android:name="io.material.materialthemebuilder.ui.MainActivity"
39-->src\main\AndroidManifest.xml:31:19-50
40            android:exported="true" >
40-->src\main\AndroidManifest.xml:32:13-36
41            <intent-filter>
41-->src\main\AndroidManifest.xml:33:13-37:29
42                <action android:name="android.intent.action.MAIN" />
42-->src\main\AndroidManifest.xml:34:17-68
42-->src\main\AndroidManifest.xml:34:25-66
43
44                <category android:name="android.intent.category.LAUNCHER" />
44-->src\main\AndroidManifest.xml:36:17-76
44-->src\main\AndroidManifest.xml:36:27-74
45            </intent-filter>
46        </activity>
47
48        <meta-data
48-->src\main\AndroidManifest.xml:39:9-41:57
49            android:name="preloaded_fonts"
49-->src\main\AndroidManifest.xml:40:13-43
50            android:resource="@array/preloaded_fonts" />
50-->src\main\AndroidManifest.xml:41:13-54
51
52        <provider
52-->[androidx.lifecycle:lifecycle-process:2.0.0] AndroidManifest.xml:23:9-27:43
53            android:name="androidx.lifecycle.ProcessLifecycleOwnerInitializer"
53-->[androidx.lifecycle:lifecycle-process:2.0.0] AndroidManifest.xml:24:13-79
54            android:authorities="io.material.materialthemebuilder.lifecycle-process"
54-->[androidx.lifecycle:lifecycle-process:2.0.0] AndroidManifest.xml:25:13-69
55            android:exported="false"
55-->[androidx.lifecycle:lifecycle-process:2.0.0] AndroidManifest.xml:26:13-37
56            android:multiprocess="true" />
56-->[androidx.lifecycle:lifecycle-process:2.0.0] AndroidManifest.xml:27:13-40
57    </application>
58
59</manifest>